Arguments: 
  C:\Program Files\nodejs\node.exe C:\Program Files\nodejs\node_modules\yarn\bin\yarn.js install

PATH: 
  C:\Users\ratan\AppData\Local\Temp\yarn--1667205875427-0.14532204529669102;C:\Users\ratan\AppData\Local\Yarn\Data\global\node_modules\.bin;C:\Users\ratan\AppData\Local\Yarn\Data\link\node_modules\.bin;C:\Program Files\libexec\lib\node_modules\npm\bin\node-gyp-bin;C:\Program Files\lib\node_modules\npm\bin\node-gyp-bin;C:\Program Files\nodejs\node_modules\npm\bin\node-gyp-bin;C:\Program Files\Eclipse Adoptium\jdk-17.0.4.101-hotspot\bin;C:\Program Files\Eclipse Adoptium\jdk-11.0.16.101-hotspot\bin;C:\Python310\Scripts\;C:\Python310\;C:\Program Files (x86)\Common Files\Intel\Shared Libraries\redist\intel64\compiler;C:\WINDOWS\system32;C:\WINDOWS;C:\WINDOWS\System32\Wbem;C:\WINDOWS\System32\WindowsPowerShell\v1.0\;C:\WINDOWS\System32\OpenSSH\;C:\ProgramData\chocolatey\bin;C:\Program Files\OpenJDK\openjdk-11.0.16_8\bin;C:\Program Files\nodejs\;C:\Program Files\OpenJDK\openjdk-11.0.16_8-jre\bin;%LOCALAPPDATA%\Android\Sdk\platform-tools;C:\Program Files\OpenJDK\jdk-17.0.2\bin;C:\Users\ratan\AppData\Local\Android\Sdk\emulator\bin64;C:\Users\ratan\AppData\Local\Android\Sdk\emulator;C:\Users\ratan\AppData\Roaming\npm;C:\Users\ratan\AppData\Local\Android\Sdk\tools\bin;C:\Users\ratan\AppData\Local\Android\Sdk\sources;C:\Program Files\MongoDB\Server\6.0\bin;C:\mongosh-1.5.4\bin;C:\Program Files\MongoDB\Server\6.0\log;C:\Program Files\Git\cmd;C:\Program Files\Git\bin;C:\Users\ratan\AppData\Roaming\npm;C:\Users\ratan\AppData\Local\Yarn\bin;C:\Users\ratan\AppData\Local\watchman;C:\Users\ratan\AppData\Local\Google\AndroidStudio2021.3;C:\gradle-7.5.1\bin;C:\Users\ratan\.amplify\bin;C:\Users\ratan\AppData\Local\Microsoft\WindowsApps;C:\Users\ratan\AppData\Local\Programs\Microsoft VS Code\bin;C:\Users\ratan\AppData\Local\Android\Sdk\platform-tools;C:\Users\ratan\AppData\Roaming\npm;C:\Program Files\JetBrains\PyCharm Community Edition 2022.2.2\bin;;C:\Users\ratan\AppData\Local\Google\AndroidStudio2021.3;

Yarn version: 
  1.22.19

Node version: 
  18.9.0

Platform: 
  win32 x64

Trace: 
  Error: getaddrinfo ENOTFOUND registry.yarnpkg.com
      at GetAddrInfoReqWrap.onlookup [as oncomplete] (node:dns:111:26)

npm manifest: 
  {
    "name": "helply-motors",
    "version": "1.0.0",
    "main": "node_modules/expo/AppEntry.js",
    "scripts": {
      "start": "expo start",
      "android": "expo start --android",
      "ios": "expo start --ios",
      "web": "expo start --web"
    },
    "dependencies": {
      "expo": "~46.0.16",
      "expo-status-bar": "~1.4.0",
      "react": "18.0.0",
      "react-native": "0.69.6"
    },
    "devDependencies": {
      "@babel/core": "^7.12.9"
    },
    "private": true
  }

yarn manifest: 
  No manifest

Lockfile: 
  No lockfile
